<?xml version="1.0" encoding="UTF-8"?>
<testsuite xmlns:xsi="http://www.w3.org/2001/XMLSchema-instance" xsi:noNamespaceSchemaLocation="https://maven.apache.org/surefire/maven-surefire-plugin/xsd/surefire-test-report.xsd" name="edu.berkeley.cs.jqf.fuzz.ei.ExecutionIndexingTest" time="0.097" tests="10" errors="0" skipped="0" failures="0">
  <properties>
[...]
</properties>
  <testcase name="testDepth2withRepeat" classname="edu.berkeley.cs.jqf.fuzz.ei.ExecutionIndexingTest" time="0.002"/>
  <testcase name="testDepth0" classname="edu.berkeley.cs.jqf.fuzz.ei.ExecutionIndexingTest" time="0"/>
  <testcase name="testDepth1" classname="edu.berkeley.cs.jqf.fuzz.ei.ExecutionIndexingTest" time="0"/>
  <testcase name="testDepth1withRepeat" classname="edu.berkeley.cs.jqf.fuzz.ei.ExecutionIndexingTest" time="0"/>
  <testcase name="comparesEqual" classname="edu.berkeley.cs.jqf.fuzz.ei.ExecutionIndexingTest" time="0.01"/>
  <testcase name="comparesLexicographically" classname="edu.berkeley.cs.jqf.fuzz.ei.ExecutionIndexingTest" time="0.014"/>
  <testcase name="comparesLength" classname="edu.berkeley.cs.jqf.fuzz.ei.ExecutionIndexingTest" time="0.014"/>
  <testcase name="hasOwnPrefixAndSuffix" classname="edu.berkeley.cs.jqf.fuzz.ei.ExecutionIndexingTest" time="0.014"/>
  <testcase name="splitsAndJoinsPrefixSuffix" classname="edu.berkeley.cs.jqf.fuzz.ei.ExecutionIndexingTest" time="0.015"/>
  <testcase name="validExecutionIndex" classname="edu.berkeley.cs.jqf.fuzz.ei.ExecutionIndexingTest" time="0.025"/>
</testsuite>